<?xml version="1.0" encoding="UTF-8"?>
<testsuite xmlns:xsi="http://www.w3.org/2001/XMLSchema-instance" xsi:noNamespaceSchemaLocation="https://maven.apache.org/surefire/maven-surefire-plugin/xsd/surefire-test-report.xsd" name="app.Test" time="0.008" tests="2" errors="0" skipped="0" failures="1">
  <properties>
[...]
</properties>
  <testcase name="myTest" classname="app.Test" time="0.008">
    <failure message="Fail message" type="java.lang.AssertionError">java.lang.AssertionError: Fail message
	at app.Test.myTest(Test.java:16)
</failure>
    <system-out><![CDATA[Number of tests to execute: 2
Number of failed tests:  myTest
]]></system-out>
  </testcase>
  <testcase name="myTestPass" classname="app.Test" time="0.002"/>
</testsuite>